<?xml version="1.0" encoding="UTF-8"?>
<!-- Generated by org.testng.reporters.JUnitXMLReporter -->
<testsuite ignored="3" hostname="Administrator" failures="0" tests="2" name="Register" time="6.635" errors="0" timestamp="2023-02-03T19:26:15 IST">
  <testcase classname="com.nopcommerce.testCases.RegisterPageTest" name="registerPageTitleTest" time="0.015"/>
  <testcase classname="com.nopcommerce.testCases.RegisterPageTest" name="registerPageLogo" time="0.033"/>
  <testcase classname="com.nopcommerce.testCases.RegisterPageTest" name="verifyRegistration" time="0.0">
    <ignored/>
  </testcase> <!-- verifyRegistration -->
  <testcase classname="com.nopcommerce.testCases.RegisterPageTest" name="clickContinue" time="0.0">
    <ignored/>
  </testcase> <!-- clickContinue -->
  <testcase classname="com.nopcommerce.testCases.RegisterPageTest" name="register" time="0.0">
    <ignored/>
  </testcase> <!-- register -->
</testsuite> <!-- Register -->
