<?xml version="1.0" encoding="UTF-8"?>
<testng-results ignored="3" total="5" passed="2" failed="0" skipped="0">
  <reporter-output>
    <line>
      <![CDATA[Register page title validated :nopCommerce demo store. Register]]>
    </line>
    <line>
      <![CDATA[Register page logo validated :true]]>
    </line>
  </reporter-output>
  <suite started-at="2023-02-03T19:26:09 IST" name="Register" finished-at="2023-02-03T19:26:15 IST" duration-ms="6635">
    <groups>
    </groups>
    <test started-at="2023-02-03T19:26:09 IST" name="Register" finished-at="2023-02-03T19:26:15 IST" duration-ms="6635">
      <class name="com.nopcommerce.testCases.RegisterPageTest">
        <test-method is-config="true" signature="setup()[pri:0, instance:com.nopcommerce.testCases.RegisterPageTest@292b08d6]" started-at="2023-02-03T19:26:09 IST" name="setup" finished-at="2023-02-03T19:26:15 IST" duration-ms="6392" status="PASS">
          <reporter-output>
          </reporter-output>
        </test-method> <!-- setup -->
        <test-method signature="registerPageTitleTest()[pri:1, instance:com.nopcommerce.testCases.RegisterPageTest@292b08d6]" started-at="2023-02-03T19:26:15 IST" name="registerPageTitleTest" finished-at="2023-02-03T19:26:15 IST" duration-ms="15" status="PASS">
          <reporter-output>
            <line>
              <![CDATA[Register page title validated :nopCommerce demo store. Register]]>
            </line>
          </reporter-output>
        </test-method> <!-- registerPageTitleTest -->
        <test-method signature="registerPageLogo()[pri:2, instance:com.nopcommerce.testCases.RegisterPageTest@292b08d6]" started-at="2023-02-03T19:26:15 IST" name="registerPageLogo" finished-at="2023-02-03T19:26:15 IST" duration-ms="33" status="PASS">
          <reporter-output>
            <line>
              <![CDATA[Register page logo validated :true]]>
            </line>
          </reporter-output>
        </test-method> <!-- registerPageLogo -->
        <test-method is-config="true" signature="tearDown()[pri:0, instance:com.nopcommerce.testCases.RegisterPageTest@292b08d6]" started-at="2023-02-03T19:26:15 IST" name="tearDown" finished-at="2023-02-03T19:26:15 IST" duration-ms="152" status="PASS">
          <reporter-output>
          </reporter-output>
        </test-method> <!-- tearDown -->
      </class> <!-- com.nopcommerce.testCases.RegisterPageTest -->
    </test> <!-- Register -->
  </suite> <!-- Register -->
</testng-results>
